<?xml version="1.0" encoding="UTF-8"?>
<coverage generated="1752551095365" clover="3.2.0">
  <project timestamp="1752551095365" name="All files">
    <metrics statements="40" coveredstatements="39" conditionals="23" coveredconditionals="21" methods="11" coveredmethods="11" elements="74" coveredelements="71" complexity="0" loc="40" ncloc="40" packages="1" files="3" classes="3"/>
    <file name="gameboard.js" path="/home/potatoturtles/repos/Battleships/gameboard.js">
      <metrics statements="23" coveredstatements="23" conditionals="14" coveredconditionals="13" methods="5" coveredmethods="5"/>
      <line num="1" count="2" type="stmt"/>
      <line num="5" count="11" type="stmt"/>
      <line num="6" count="11" type="stmt"/>
      <line num="7" count="11" type="stmt"/>
      <line num="10" count="8" type="stmt"/>
      <line num="11" count="8" type="stmt"/>
      <line num="13" count="8" type="stmt"/>
      <line num="14" count="8" type="cond" truecount="2" falsecount="0"/>
      <line num="15" count="28" type="cond" truecount="3" falsecount="1"/>
      <line num="18" count="8" type="stmt"/>
      <line num="21" count="6" type="stmt"/>
      <line num="22" count="6" type="stmt"/>
      <line num="23" count="7" type="cond" truecount="2" falsecount="0"/>
      <line num="24" count="5" type="stmt"/>
      <line num="27" count="6" type="cond" truecount="2" falsecount="0"/>
      <line num="28" count="5" type="stmt"/>
      <line num="31" count="1" type="stmt"/>
      <line num="33" count="6" type="stmt"/>
      <line num="36" count="3" type="stmt"/>
      <line num="37" count="2" type="cond" truecount="2" falsecount="0"/>
      <line num="38" count="1" type="stmt"/>
      <line num="41" count="2" type="stmt"/>
      <line num="44" count="2" type="stmt"/>
    </file>
    <file name="player.js" path="/home/potatoturtles/repos/Battleships/player.js">
      <metrics statements="8" coveredstatements="7" conditionals="3" coveredconditionals="2" methods="2" coveredmethods="2"/>
      <line num="1" count="1" type="stmt"/>
      <line num="5" count="1" type="stmt"/>
      <line num="6" count="1" type="stmt"/>
      <line num="9" count="1" type="cond" truecount="1" falsecount="1"/>
      <line num="10" count="0" type="stmt"/>
      <line num="12" count="1" type="stmt"/>
      <line num="13" count="1" type="stmt"/>
      <line num="16" count="1" type="stmt"/>
    </file>
    <file name="ship.js" path="/home/potatoturtles/repos/Battleships/ship.js">
      <metrics statements="9" coveredstatements="9" conditionals="6" coveredconditionals="6" methods="4" coveredmethods="4"/>
      <line num="3" count="15" type="stmt"/>
      <line num="6" count="6" type="stmt"/>
      <line num="9" count="10" type="stmt"/>
      <line num="10" count="16" type="cond" truecount="4" falsecount="0"/>
      <line num="11" count="7" type="stmt"/>
      <line num="12" count="7" type="stmt"/>
      <line num="15" count="3" type="stmt"/>
      <line num="18" count="3" type="cond" truecount="2" falsecount="0"/>
      <line num="21" count="3" type="stmt"/>
    </file>
  </project>
</coverage>
