{"/home/potatoturtles/repos/Battleships/gameboard.js": {"path":"/home/potatoturtles/repos/Battleships/gameboard.js","statementMap":{"0":{"start":{"line":1,"column":11},"end":{"line":1,"column":31}},"1":{"start":{"line":5,"column":8},"end":{"line":5,"column":23}},"2":{"start":{"line":6,"column":8},"end":{"line":6,"column":27}},"3":{"start":{"line":7,"column":8},"end":{"line":7,"column":51}},"4":{"start":{"line":7,"column":36},"end":{"line":7,"column":49}},"5":{"start":{"line":10,"column":18},"end":{"line":10,"column":33}},"6":{"start":{"line":11,"column":18},"end":{"line":11,"column":33}},"7":{"start":{"line":13,"column":19},"end":{"line":13,"column":21}},"8":{"start":{"line":14,"column":8},"end":{"line":16,"column":9}},"9":{"start":{"line":14,"column":20},"end":{"line":14,"column":21}},"10":{"start":{"line":15,"column":12},"end":{"line":15,"column":89}},"11":{"start":{"line":18,"column":8},"end":{"line":18,"column":46}},"12":{"start":{"line":21,"column":20},"end":{"line":21,"column":25}},"13":{"start":{"line":22,"column":8},"end":{"line":26,"column":9}},"14":{"start":{"line":22,"column":20},"end":{"line":22,"column":21}},"15":{"start":{"line":23,"column":12},"end":{"line":25,"column":13}},"16":{"start":{"line":24,"column":16},"end":{"line":24,"column":26}},"17":{"start":{"line":27,"column":8},"end":{"line":32,"column":9}},"18":{"start":{"line":28,"column":12},"end":{"line":28,"column":33}},"19":{"start":{"line":31,"column":12},"end":{"line":31,"column":35}},"20":{"start":{"line":33,"column":8},"end":{"line":33,"column":20}},"21":{"start":{"line":36,"column":8},"end":{"line":40,"column":9}},"22":{"start":{"line":36,"column":20},"end":{"line":36,"column":21}},"23":{"start":{"line":37,"column":12},"end":{"line":39,"column":13}},"24":{"start":{"line":38,"column":16},"end":{"line":38,"column":27}},"25":{"start":{"line":41,"column":8},"end":{"line":41,"column":20}},"26":{"start":{"line":44,"column":0},"end":{"line":44,"column":25}}},"fnMap":{"0":{"name":"(anonymous_0)","decl":{"start":{"line":4,"column":4},"end":{"line":4,"column":5}},"loc":{"start":{"line":4,"column":43},"end":{"line":8,"column":5}},"line":4},"1":{"name":"(anonymous_1)","decl":{"start":{"line":7,"column":29},"end":{"line":7,"column":30}},"loc":{"start":{"line":7,"column":36},"end":{"line":7,"column":49}},"line":7},"2":{"name":"(anonymous_2)","decl":{"start":{"line":9,"column":4},"end":{"line":9,"column":5}},"loc":{"start":{"line":9,"column":22},"end":{"line":19,"column":5}},"line":9},"3":{"name":"(anonymous_3)","decl":{"start":{"line":20,"column":4},"end":{"line":20,"column":5}},"loc":{"start":{"line":20,"column":22},"end":{"line":34,"column":5}},"line":20},"4":{"name":"(anonymous_4)","decl":{"start":{"line":35,"column":4},"end":{"line":35,"column":5}},"loc":{"start":{"line":35,"column":17},"end":{"line":42,"column":5}},"line":35}},"branchMap":{"0":{"loc":{"start":{"line":4,"column":16},"end":{"line":4,"column":23}},"type":"default-arg","locations":[{"start":{"line":4,"column":21},"end":{"line":4,"column":23}}],"line":4},"1":{"loc":{"start":{"line":4,"column":24},"end":{"line":4,"column":33}},"type":"default-arg","locations":[{"start":{"line":4,"column":31},"end":{"line":4,"column":33}}],"line":4},"2":{"loc":{"start":{"line":14,"column":22},"end":{"line":14,"column":54}},"type":"binary-expr","locations":[{"start":{"line":14,"column":22},"end":{"line":14,"column":37}},{"start":{"line":14,"column":39},"end":{"line":14,"column":54}}],"line":14},"3":{"loc":{"start":{"line":15,"column":26},"end":{"line":15,"column":44}},"type":"binary-expr","locations":[{"start":{"line":15,"column":26},"end":{"line":15,"column":41}},{"start":{"line":15,"column":43},"end":{"line":15,"column":44}}],"line":15},"4":{"loc":{"start":{"line":15,"column":58},"end":{"line":15,"column":76}},"type":"binary-expr","locations":[{"start":{"line":15,"column":58},"end":{"line":15,"column":73}},{"start":{"line":15,"column":75},"end":{"line":15,"column":76}}],"line":15},"5":{"loc":{"start":{"line":23,"column":12},"end":{"line":25,"column":13}},"type":"if","locations":[{"start":{"line":23,"column":12},"end":{"line":25,"column":13}},{"start":{},"end":{}}],"line":23},"6":{"loc":{"start":{"line":27,"column":8},"end":{"line":32,"column":9}},"type":"if","locations":[{"start":{"line":27,"column":8},"end":{"line":32,"column":9}},{"start":{"line":30,"column":12},"end":{"line":32,"column":9}}],"line":27},"7":{"loc":{"start":{"line":37,"column":12},"end":{"line":39,"column":13}},"type":"if","locations":[{"start":{"line":37,"column":12},"end":{"line":39,"column":13}},{"start":{},"end":{}}],"line":37}},"s":{"0":2,"1":11,"2":11,"3":11,"4":2,"5":8,"6":8,"7":8,"8":8,"9":8,"10":28,"11":8,"12":6,"13":6,"14":6,"15":7,"16":5,"17":6,"18":5,"19":1,"20":6,"21":3,"22":3,"23":2,"24":1,"25":2,"26":2},"f":{"0":11,"1":2,"2":8,"3":6,"4":3},"b":{"0":[10],"1":[10],"2":[36,8],"3":[28,0],"4":[28,28],"5":[5,2],"6":[5,1],"7":[1,1]},"_coverageSchema":"1a1c01bbd47fc00a2c39e90264f33305004495a9","hash":"0c373cfff0dc02c3381c430ea7118bb541f5f6b5"}
,"/home/potatoturtles/repos/Battleships/player.js": {"path":"/home/potatoturtles/repos/Battleships/player.js","statementMap":{"0":{"start":{"line":1,"column":16},"end":{"line":1,"column":41}},"1":{"start":{"line":5,"column":8},"end":{"line":5,"column":31}},"2":{"start":{"line":6,"column":8},"end":{"line":6,"column":25}},"3":{"start":{"line":9,"column":8},"end":{"line":11,"column":9}},"4":{"start":{"line":10,"column":12},"end":{"line":10,"column":25}},"5":{"start":{"line":12,"column":8},"end":{"line":12,"column":37}},"6":{"start":{"line":13,"column":8},"end":{"line":13,"column":45}},"7":{"start":{"line":16,"column":0},"end":{"line":16,"column":22}}},"fnMap":{"0":{"name":"(anonymous_0)","decl":{"start":{"line":4,"column":4},"end":{"line":4,"column":5}},"loc":{"start":{"line":4,"column":47},"end":{"line":7,"column":5}},"line":4},"1":{"name":"(anonymous_1)","decl":{"start":{"line":8,"column":4},"end":{"line":8,"column":5}},"loc":{"start":{"line":8,"column":12},"end":{"line":14,"column":5}},"line":8}},"branchMap":{"0":{"loc":{"start":{"line":4,"column":25},"end":{"line":4,"column":46}},"type":"default-arg","locations":[{"start":{"line":4,"column":31},"end":{"line":4,"column":46}}],"line":4},"1":{"loc":{"start":{"line":9,"column":8},"end":{"line":11,"column":9}},"type":"if","locations":[{"start":{"line":9,"column":8},"end":{"line":11,"column":9}},{"start":{},"end":{}}],"line":9}},"s":{"0":1,"1":1,"2":1,"3":1,"4":0,"5":1,"6":1,"7":1},"f":{"0":1,"1":1},"b":{"0":[1],"1":[0,1]},"_coverageSchema":"1a1c01bbd47fc00a2c39e90264f33305004495a9","hash":"eed9bf721a923aa884ee6330b89f33605eb34146"}
,"/home/potatoturtles/repos/Battleships/ship.js": {"path":"/home/potatoturtles/repos/Battleships/ship.js","statementMap":{"0":{"start":{"line":3,"column":8},"end":{"line":3,"column":29}},"1":{"start":{"line":6,"column":8},"end":{"line":6,"column":33}},"2":{"start":{"line":9,"column":8},"end":{"line":14,"column":9}},"3":{"start":{"line":9,"column":20},"end":{"line":9,"column":21}},"4":{"start":{"line":10,"column":12},"end":{"line":13,"column":13}},"5":{"start":{"line":11,"column":16},"end":{"line":11,"column":40}},"6":{"start":{"line":12,"column":16},"end":{"line":12,"column":27}},"7":{"start":{"line":15,"column":8},"end":{"line":15,"column":20}},"8":{"start":{"line":18,"column":8},"end":{"line":18,"column":37}},"9":{"start":{"line":21,"column":0},"end":{"line":21,"column":20}}},"fnMap":{"0":{"name":"(anonymous_0)","decl":{"start":{"line":2,"column":4},"end":{"line":2,"column":5}},"loc":{"start":{"line":2,"column":23},"end":{"line":4,"column":5}},"line":2},"1":{"name":"(anonymous_1)","decl":{"start":{"line":5,"column":4},"end":{"line":5,"column":5}},"loc":{"start":{"line":5,"column":14},"end":{"line":7,"column":5}},"line":5},"2":{"name":"(anonymous_2)","decl":{"start":{"line":8,"column":4},"end":{"line":8,"column":5}},"loc":{"start":{"line":8,"column":12},"end":{"line":16,"column":5}},"line":8},"3":{"name":"(anonymous_3)","decl":{"start":{"line":17,"column":4},"end":{"line":17,"column":5}},"loc":{"start":{"line":17,"column":16},"end":{"line":19,"column":5}},"line":17}},"branchMap":{"0":{"loc":{"start":{"line":10,"column":12},"end":{"line":13,"column":13}},"type":"if","locations":[{"start":{"line":10,"column":12},"end":{"line":13,"column":13}},{"start":{},"end":{}}],"line":10},"1":{"loc":{"start":{"line":10,"column":15},"end":{"line":10,"column":57}},"type":"binary-expr","locations":[{"start":{"line":10,"column":15},"end":{"line":10,"column":35}},{"start":{"line":10,"column":37},"end":{"line":10,"column":57}}],"line":10},"2":{"loc":{"start":{"line":18,"column":15},"end":{"line":18,"column":37}},"type":"cond-expr","locations":[{"start":{"line":18,"column":27},"end":{"line":18,"column":32}},{"start":{"line":18,"column":33},"end":{"line":18,"column":37}}],"line":18}},"s":{"0":15,"1":6,"2":10,"3":10,"4":16,"5":7,"6":7,"7":3,"8":3,"9":3},"f":{"0":15,"1":6,"2":10,"3":3},"b":{"0":[7,9],"1":[16,7],"2":[1,2]},"_coverageSchema":"1a1c01bbd47fc00a2c39e90264f33305004495a9","hash":"26febe9c702c2c7f59ef691ad54c149661b51cd1"}
}
