{"/home/potatoturtles/repos/Battleships/buildBoard.js": {"path":"/home/potatoturtles/repos/Battleships/buildBoard.js","statementMap":{"0":{"start":{"line":3,"column":16},"end":{"line":3,"column":28}},"1":{"start":{"line":4,"column":18},"end":{"line":4,"column":37}},"2":{"start":{"line":5,"column":4},"end":{"line":7,"column":5}},"3":{"start":{"line":6,"column":8},"end":{"line":6,"column":48}},"4":{"start":{"line":9,"column":4},"end":{"line":47,"column":5}},"5":{"start":{"line":9,"column":16},"end":{"line":9,"column":17}},"6":{"start":{"line":10,"column":8},"end":{"line":46,"column":9}},"7":{"start":{"line":10,"column":20},"end":{"line":10,"column":21}},"8":{"start":{"line":11,"column":24},"end":{"line":11,"column":53}},"9":{"start":{"line":12,"column":12},"end":{"line":12,"column":41}},"10":{"start":{"line":14,"column":12},"end":{"line":32,"column":13}},"11":{"start":{"line":15,"column":16},"end":{"line":17,"column":17}},"12":{"start":{"line":16,"column":20},"end":{"line":16,"column":31}},"13":{"start":{"line":19,"column":16},"end":{"line":19,"column":43}},"14":{"start":{"line":21,"column":17},"end":{"line":32,"column":13}},"15":{"start":{"line":22,"column":16},"end":{"line":24,"column":17}},"16":{"start":{"line":23,"column":20},"end":{"line":23,"column":31}},"17":{"start":{"line":26,"column":16},"end":{"line":26,"column":44}},"18":{"start":{"line":28,"column":17},"end":{"line":32,"column":13}},"19":{"start":{"line":29,"column":16},"end":{"line":31,"column":17}},"20":{"start":{"line":30,"column":20},"end":{"line":30,"column":48}},"21":{"start":{"line":33,"column":12},"end":{"line":44,"column":14}},"22":{"start":{"line":34,"column":16},"end":{"line":43,"column":17}},"23":{"start":{"line":35,"column":20},"end":{"line":38,"column":21}},"24":{"start":{"line":36,"column":24},"end":{"line":36,"column":73}},"25":{"start":{"line":37,"column":24},"end":{"line":37,"column":44}},"26":{"start":{"line":39,"column":20},"end":{"line":39,"column":42}},"27":{"start":{"line":40,"column":20},"end":{"line":42,"column":21}},"28":{"start":{"line":41,"column":24},"end":{"line":41,"column":52}},"29":{"start":{"line":45,"column":12},"end":{"line":45,"column":39}}},"fnMap":{"0":{"name":"build","decl":{"start":{"line":1,"column":24},"end":{"line":1,"column":29}},"loc":{"start":{"line":1,"column":46},"end":{"line":48,"column":1}},"line":1},"1":{"name":"(anonymous_1)","decl":{"start":{"line":14,"column":31},"end":{"line":14,"column":32}},"loc":{"start":{"line":14,"column":36},"end":{"line":18,"column":13}},"line":14},"2":{"name":"(anonymous_2)","decl":{"start":{"line":21,"column":38},"end":{"line":21,"column":39}},"loc":{"start":{"line":21,"column":43},"end":{"line":25,"column":13}},"line":21},"3":{"name":"(anonymous_3)","decl":{"start":{"line":33,"column":43},"end":{"line":33,"column":44}},"loc":{"start":{"line":33,"column":48},"end":{"line":44,"column":13}},"line":33}},"branchMap":{"0":{"loc":{"start":{"line":14,"column":12},"end":{"line":32,"column":13}},"type":"if","locations":[{"start":{"line":14,"column":12},"end":{"line":32,"column":13}},{"start":{"line":21,"column":17},"end":{"line":32,"column":13}}],"line":14},"1":{"loc":{"start":{"line":15,"column":16},"end":{"line":17,"column":17}},"type":"if","locations":[{"start":{"line":15,"column":16},"end":{"line":17,"column":17}},{"start":{},"end":{}}],"line":15},"2":{"loc":{"start":{"line":15,"column":19},"end":{"line":15,"column":35}},"type":"binary-expr","locations":[{"start":{"line":15,"column":19},"end":{"line":15,"column":26}},{"start":{"line":15,"column":28},"end":{"line":15,"column":35}}],"line":15},"3":{"loc":{"start":{"line":21,"column":17},"end":{"line":32,"column":13}},"type":"if","locations":[{"start":{"line":21,"column":17},"end":{"line":32,"column":13}},{"start":{"line":28,"column":17},"end":{"line":32,"column":13}}],"line":21},"4":{"loc":{"start":{"line":22,"column":16},"end":{"line":24,"column":17}},"type":"if","locations":[{"start":{"line":22,"column":16},"end":{"line":24,"column":17}},{"start":{},"end":{}}],"line":22},"5":{"loc":{"start":{"line":22,"column":19},"end":{"line":22,"column":35}},"type":"binary-expr","locations":[{"start":{"line":22,"column":19},"end":{"line":22,"column":26}},{"start":{"line":22,"column":28},"end":{"line":22,"column":35}}],"line":22},"6":{"loc":{"start":{"line":28,"column":17},"end":{"line":32,"column":13}},"type":"if","locations":[{"start":{"line":28,"column":17},"end":{"line":32,"column":13}},{"start":{},"end":{}}],"line":28},"7":{"loc":{"start":{"line":29,"column":16},"end":{"line":31,"column":17}},"type":"if","locations":[{"start":{"line":29,"column":16},"end":{"line":31,"column":17}},{"start":{},"end":{}}],"line":29},"8":{"loc":{"start":{"line":34,"column":16},"end":{"line":43,"column":17}},"type":"if","locations":[{"start":{"line":34,"column":16},"end":{"line":43,"column":17}},{"start":{},"end":{}}],"line":34},"9":{"loc":{"start":{"line":35,"column":20},"end":{"line":38,"column":21}},"type":"if","locations":[{"start":{"line":35,"column":20},"end":{"line":38,"column":21}},{"start":{},"end":{}}],"line":35},"10":{"loc":{"start":{"line":40,"column":20},"end":{"line":42,"column":21}},"type":"if","locations":[{"start":{"line":40,"column":20},"end":{"line":42,"column":21}},{"start":{},"end":{}}],"line":40}},"s":{"0":0,"1":0,"2":0,"3":0,"4":0,"5":0,"6":0,"7":0,"8":0,"9":0,"10":0,"11":0,"12":0,"13":0,"14":0,"15":0,"16":0,"17":0,"18":0,"19":0,"20":0,"21":0,"22":0,"23":0,"24":0,"25":0,"26":0,"27":0,"28":0,"29":0},"f":{"0":0,"1":0,"2":0,"3":0},"b":{"0":[0,0],"1":[0,0],"2":[0,0],"3":[0,0],"4":[0,0],"5":[0,0],"6":[0,0],"7":[0,0],"8":[0,0],"9":[0,0],"10":[0,0]},"_coverageSchema":"1a1c01bbd47fc00a2c39e90264f33305004495a9","hash":"41904fb3b8a7ccfea81a6f9b3edddd0e62386477"}
,"/home/potatoturtles/repos/Battleships/gameboard.js": {"path":"/home/potatoturtles/repos/Battleships/gameboard.js","statementMap":{"0":{"start":{"line":5,"column":8},"end":{"line":5,"column":51}},"1":{"start":{"line":5,"column":36},"end":{"line":5,"column":49}},"2":{"start":{"line":6,"column":8},"end":{"line":6,"column":23}},"3":{"start":{"line":7,"column":8},"end":{"line":7,"column":21}},"4":{"start":{"line":9,"column":8},"end":{"line":16,"column":10}},"5":{"start":{"line":10,"column":12},"end":{"line":15,"column":13}},"6":{"start":{"line":11,"column":16},"end":{"line":11,"column":44}},"7":{"start":{"line":14,"column":16},"end":{"line":14,"column":46}},"8":{"start":{"line":17,"column":8},"end":{"line":24,"column":10}},"9":{"start":{"line":18,"column":12},"end":{"line":23,"column":13}},"10":{"start":{"line":19,"column":16},"end":{"line":19,"column":46}},"11":{"start":{"line":22,"column":16},"end":{"line":22,"column":44}},"12":{"start":{"line":27,"column":8},"end":{"line":27,"column":45}},"13":{"start":{"line":30,"column":8},"end":{"line":34,"column":10}},"14":{"start":{"line":31,"column":12},"end":{"line":33,"column":13}},"15":{"start":{"line":32,"column":16},"end":{"line":32,"column":27}},"16":{"start":{"line":37,"column":20},"end":{"line":37,"column":25}},"17":{"start":{"line":39,"column":8},"end":{"line":43,"column":9}},"18":{"start":{"line":39,"column":20},"end":{"line":39,"column":21}},"19":{"start":{"line":40,"column":12},"end":{"line":42,"column":13}},"20":{"start":{"line":41,"column":16},"end":{"line":41,"column":24}},"21":{"start":{"line":44,"column":8},"end":{"line":48,"column":9}},"22":{"start":{"line":44,"column":20},"end":{"line":44,"column":21}},"23":{"start":{"line":45,"column":12},"end":{"line":47,"column":13}},"24":{"start":{"line":46,"column":16},"end":{"line":46,"column":24}},"25":{"start":{"line":50,"column":8},"end":{"line":54,"column":9}},"26":{"start":{"line":50,"column":20},"end":{"line":50,"column":21}},"27":{"start":{"line":51,"column":12},"end":{"line":53,"column":13}},"28":{"start":{"line":52,"column":16},"end":{"line":52,"column":26}},"29":{"start":{"line":55,"column":8},"end":{"line":60,"column":9}},"30":{"start":{"line":56,"column":12},"end":{"line":56,"column":33}},"31":{"start":{"line":59,"column":12},"end":{"line":59,"column":35}},"32":{"start":{"line":61,"column":8},"end":{"line":61,"column":20}},"33":{"start":{"line":64,"column":8},"end":{"line":68,"column":9}},"34":{"start":{"line":64,"column":20},"end":{"line":64,"column":21}},"35":{"start":{"line":65,"column":12},"end":{"line":67,"column":13}},"36":{"start":{"line":66,"column":16},"end":{"line":66,"column":27}},"37":{"start":{"line":69,"column":8},"end":{"line":69,"column":20}},"38":{"start":{"line":72,"column":20},"end":{"line":72,"column":21}},"39":{"start":{"line":73,"column":8},"end":{"line":77,"column":9}},"40":{"start":{"line":73,"column":20},"end":{"line":73,"column":21}},"41":{"start":{"line":74,"column":12},"end":{"line":76,"column":13}},"42":{"start":{"line":75,"column":16},"end":{"line":75,"column":23}},"43":{"start":{"line":78,"column":8},"end":{"line":78,"column":20}}},"fnMap":{"0":{"name":"(anonymous_0)","decl":{"start":{"line":4,"column":4},"end":{"line":4,"column":5}},"loc":{"start":{"line":4,"column":43},"end":{"line":25,"column":5}},"line":4},"1":{"name":"(anonymous_1)","decl":{"start":{"line":5,"column":29},"end":{"line":5,"column":30}},"loc":{"start":{"line":5,"column":36},"end":{"line":5,"column":49}},"line":5},"2":{"name":"(anonymous_2)","decl":{"start":{"line":9,"column":21},"end":{"line":9,"column":22}},"loc":{"start":{"line":9,"column":24},"end":{"line":16,"column":9}},"line":9},"3":{"name":"(anonymous_3)","decl":{"start":{"line":17,"column":23},"end":{"line":17,"column":24}},"loc":{"start":{"line":17,"column":26},"end":{"line":24,"column":9}},"line":17},"4":{"name":"(anonymous_4)","decl":{"start":{"line":26,"column":4},"end":{"line":26,"column":5}},"loc":{"start":{"line":26,"column":16},"end":{"line":28,"column":5}},"line":26},"5":{"name":"(anonymous_5)","decl":{"start":{"line":29,"column":4},"end":{"line":29,"column":5}},"loc":{"start":{"line":29,"column":17},"end":{"line":35,"column":5}},"line":29},"6":{"name":"(anonymous_6)","decl":{"start":{"line":30,"column":31},"end":{"line":30,"column":32}},"loc":{"start":{"line":30,"column":34},"end":{"line":34,"column":9}},"line":30},"7":{"name":"(anonymous_7)","decl":{"start":{"line":36,"column":4},"end":{"line":36,"column":5}},"loc":{"start":{"line":36,"column":22},"end":{"line":62,"column":5}},"line":36},"8":{"name":"(anonymous_8)","decl":{"start":{"line":63,"column":4},"end":{"line":63,"column":5}},"loc":{"start":{"line":63,"column":17},"end":{"line":70,"column":5}},"line":63},"9":{"name":"(anonymous_9)","decl":{"start":{"line":71,"column":4},"end":{"line":71,"column":5}},"loc":{"start":{"line":71,"column":19},"end":{"line":79,"column":5}},"line":71}},"branchMap":{"0":{"loc":{"start":{"line":4,"column":16},"end":{"line":4,"column":23}},"type":"default-arg","locations":[{"start":{"line":4,"column":21},"end":{"line":4,"column":23}}],"line":4},"1":{"loc":{"start":{"line":4,"column":24},"end":{"line":4,"column":33}},"type":"default-arg","locations":[{"start":{"line":4,"column":31},"end":{"line":4,"column":33}}],"line":4},"2":{"loc":{"start":{"line":10,"column":12},"end":{"line":15,"column":13}},"type":"if","locations":[{"start":{"line":10,"column":12},"end":{"line":15,"column":13}},{"start":{"line":13,"column":16},"end":{"line":15,"column":13}}],"line":10},"3":{"loc":{"start":{"line":18,"column":12},"end":{"line":23,"column":13}},"type":"if","locations":[{"start":{"line":18,"column":12},"end":{"line":23,"column":13}},{"start":{"line":21,"column":16},"end":{"line":23,"column":13}}],"line":18},"4":{"loc":{"start":{"line":31,"column":12},"end":{"line":33,"column":13}},"type":"if","locations":[{"start":{"line":31,"column":12},"end":{"line":33,"column":13}},{"start":{},"end":{}}],"line":31},"5":{"loc":{"start":{"line":40,"column":12},"end":{"line":42,"column":13}},"type":"if","locations":[{"start":{"line":40,"column":12},"end":{"line":42,"column":13}},{"start":{},"end":{}}],"line":40},"6":{"loc":{"start":{"line":40,"column":15},"end":{"line":40,"column":53}},"type":"binary-expr","locations":[{"start":{"line":40,"column":15},"end":{"line":40,"column":33}},{"start":{"line":40,"column":35},"end":{"line":40,"column":53}}],"line":40},"7":{"loc":{"start":{"line":45,"column":12},"end":{"line":47,"column":13}},"type":"if","locations":[{"start":{"line":45,"column":12},"end":{"line":47,"column":13}},{"start":{},"end":{}}],"line":45},"8":{"loc":{"start":{"line":45,"column":15},"end":{"line":45,"column":57}},"type":"binary-expr","locations":[{"start":{"line":45,"column":15},"end":{"line":45,"column":35}},{"start":{"line":45,"column":37},"end":{"line":45,"column":57}}],"line":45},"9":{"loc":{"start":{"line":51,"column":12},"end":{"line":53,"column":13}},"type":"if","locations":[{"start":{"line":51,"column":12},"end":{"line":53,"column":13}},{"start":{},"end":{}}],"line":51},"10":{"loc":{"start":{"line":55,"column":8},"end":{"line":60,"column":9}},"type":"if","locations":[{"start":{"line":55,"column":8},"end":{"line":60,"column":9}},{"start":{"line":58,"column":12},"end":{"line":60,"column":9}}],"line":55},"11":{"loc":{"start":{"line":65,"column":12},"end":{"line":67,"column":13}},"type":"if","locations":[{"start":{"line":65,"column":12},"end":{"line":67,"column":13}},{"start":{},"end":{}}],"line":65},"12":{"loc":{"start":{"line":74,"column":12},"end":{"line":76,"column":13}},"type":"if","locations":[{"start":{"line":74,"column":12},"end":{"line":76,"column":13}},{"start":{},"end":{}}],"line":74}},"s":{"0":11,"1":2,"2":11,"3":11,"4":11,"5":0,"6":0,"7":0,"8":11,"9":0,"10":0,"11":0,"12":8,"13":0,"14":0,"15":0,"16":6,"17":6,"18":6,"19":1,"20":0,"21":6,"22":6,"23":0,"24":0,"25":6,"26":6,"27":7,"28":5,"29":6,"30":5,"31":1,"32":6,"33":3,"34":3,"35":2,"36":1,"37":2,"38":0,"39":0,"40":0,"41":0,"42":0,"43":0},"f":{"0":11,"1":2,"2":0,"3":0,"4":8,"5":0,"6":0,"7":6,"8":3,"9":0},"b":{"0":[10],"1":[10],"2":[0,0],"3":[0,0],"4":[0,0],"5":[0,1],"6":[1,0],"7":[0,0],"8":[0,0],"9":[5,2],"10":[5,1],"11":[1,1],"12":[0,0]},"_coverageSchema":"1a1c01bbd47fc00a2c39e90264f33305004495a9","hash":"9a0607c37daf3097f4f48588a93659cb9ce0890e"}
,"/home/potatoturtles/repos/Battleships/player.js": {"path":"/home/potatoturtles/repos/Battleships/player.js","statementMap":{"0":{"start":{"line":6,"column":8},"end":{"line":6,"column":39}},"1":{"start":{"line":7,"column":8},"end":{"line":7,"column":31}},"2":{"start":{"line":8,"column":8},"end":{"line":8,"column":25}},"3":{"start":{"line":9,"column":8},"end":{"line":9,"column":24}},"4":{"start":{"line":12,"column":8},"end":{"line":12,"column":24}},"5":{"start":{"line":15,"column":8},"end":{"line":15,"column":34}},"6":{"start":{"line":18,"column":8},"end":{"line":18,"column":32}},"7":{"start":{"line":21,"column":8},"end":{"line":23,"column":9}},"8":{"start":{"line":22,"column":12},"end":{"line":22,"column":25}},"9":{"start":{"line":24,"column":8},"end":{"line":24,"column":45}},"10":{"start":{"line":27,"column":8},"end":{"line":41,"column":9}},"11":{"start":{"line":28,"column":20},"end":{"line":28,"column":48}},"12":{"start":{"line":29,"column":20},"end":{"line":29,"column":48}},"13":{"start":{"line":30,"column":12},"end":{"line":33,"column":13}},"14":{"start":{"line":31,"column":16},"end":{"line":31,"column":49}},"15":{"start":{"line":32,"column":16},"end":{"line":32,"column":49}},"16":{"start":{"line":34,"column":12},"end":{"line":34,"column":54}},"17":{"start":{"line":35,"column":12},"end":{"line":37,"column":13}},"18":{"start":{"line":36,"column":16},"end":{"line":36,"column":45}},"19":{"start":{"line":40,"column":12},"end":{"line":40,"column":41}},"20":{"start":{"line":44,"column":26},"end":{"line":44,"column":47}},"21":{"start":{"line":46,"column":8},"end":{"line":70,"column":9}},"22":{"start":{"line":47,"column":23},"end":{"line":47,"column":40}},"23":{"start":{"line":49,"column":21},"end":{"line":49,"column":48}},"24":{"start":{"line":50,"column":21},"end":{"line":50,"column":25}},"25":{"start":{"line":52,"column":20},"end":{"line":52,"column":60}},"26":{"start":{"line":53,"column":20},"end":{"line":53,"column":60}},"27":{"start":{"line":55,"column":21},"end":{"line":55,"column":23}},"28":{"start":{"line":57,"column":23},"end":{"line":57,"column":28}},"29":{"start":{"line":58,"column":12},"end":{"line":63,"column":13}},"30":{"start":{"line":58,"column":24},"end":{"line":58,"column":25}},"31":{"start":{"line":59,"column":16},"end":{"line":61,"column":17}},"32":{"start":{"line":60,"column":20},"end":{"line":60,"column":31}},"33":{"start":{"line":62,"column":16},"end":{"line":62,"column":41}},"34":{"start":{"line":64,"column":12},"end":{"line":69,"column":13}},"35":{"start":{"line":65,"column":16},"end":{"line":65,"column":39}},"36":{"start":{"line":68,"column":16},"end":{"line":68,"column":39}},"37":{"start":{"line":71,"column":8},"end":{"line":71,"column":29}},"38":{"start":{"line":74,"column":8},"end":{"line":74,"column":33}}},"fnMap":{"0":{"name":"(anonymous_0)","decl":{"start":{"line":5,"column":4},"end":{"line":5,"column":5}},"loc":{"start":{"line":5,"column":77},"end":{"line":10,"column":5}},"line":5},"1":{"name":"(anonymous_1)","decl":{"start":{"line":11,"column":4},"end":{"line":11,"column":5}},"loc":{"start":{"line":11,"column":19},"end":{"line":13,"column":5}},"line":11},"2":{"name":"(anonymous_2)","decl":{"start":{"line":14,"column":4},"end":{"line":14,"column":5}},"loc":{"start":{"line":14,"column":41},"end":{"line":16,"column":5}},"line":14},"3":{"name":"(anonymous_3)","decl":{"start":{"line":17,"column":4},"end":{"line":17,"column":5}},"loc":{"start":{"line":17,"column":17},"end":{"line":19,"column":5}},"line":17},"4":{"name":"(anonymous_4)","decl":{"start":{"line":20,"column":4},"end":{"line":20,"column":5}},"loc":{"start":{"line":20,"column":12},"end":{"line":25,"column":5}},"line":20},"5":{"name":"(anonymous_5)","decl":{"start":{"line":26,"column":4},"end":{"line":26,"column":5}},"loc":{"start":{"line":26,"column":24},"end":{"line":42,"column":5}},"line":26},"6":{"name":"(anonymous_6)","decl":{"start":{"line":43,"column":4},"end":{"line":43,"column":5}},"loc":{"start":{"line":43,"column":21},"end":{"line":72,"column":5}},"line":43},"7":{"name":"(anonymous_7)","decl":{"start":{"line":73,"column":4},"end":{"line":73,"column":5}},"loc":{"start":{"line":73,"column":16},"end":{"line":75,"column":5}},"line":73}},"branchMap":{"0":{"loc":{"start":{"line":5,"column":29},"end":{"line":5,"column":43}},"type":"default-arg","locations":[{"start":{"line":5,"column":38},"end":{"line":5,"column":43}}],"line":5},"1":{"loc":{"start":{"line":5,"column":44},"end":{"line":5,"column":54}},"type":"default-arg","locations":[{"start":{"line":5,"column":52},"end":{"line":5,"column":54}}],"line":5},"2":{"loc":{"start":{"line":5,"column":55},"end":{"line":5,"column":76}},"type":"default-arg","locations":[{"start":{"line":5,"column":61},"end":{"line":5,"column":76}}],"line":5},"3":{"loc":{"start":{"line":14,"column":18},"end":{"line":14,"column":40}},"type":"default-arg","locations":[{"start":{"line":14,"column":27},"end":{"line":14,"column":40}}],"line":14},"4":{"loc":{"start":{"line":21,"column":8},"end":{"line":23,"column":9}},"type":"if","locations":[{"start":{"line":21,"column":8},"end":{"line":23,"column":9}},{"start":{},"end":{}}],"line":21},"5":{"loc":{"start":{"line":27,"column":8},"end":{"line":41,"column":9}},"type":"if","locations":[{"start":{"line":27,"column":8},"end":{"line":41,"column":9}},{"start":{"line":39,"column":12},"end":{"line":41,"column":9}}],"line":27},"6":{"loc":{"start":{"line":35,"column":12},"end":{"line":37,"column":13}},"type":"if","locations":[{"start":{"line":35,"column":12},"end":{"line":37,"column":13}},{"start":{},"end":{}}],"line":35},"7":{"loc":{"start":{"line":59,"column":16},"end":{"line":61,"column":17}},"type":"if","locations":[{"start":{"line":59,"column":16},"end":{"line":61,"column":17}},{"start":{},"end":{}}],"line":59},"8":{"loc":{"start":{"line":64,"column":12},"end":{"line":69,"column":13}},"type":"if","locations":[{"start":{"line":64,"column":12},"end":{"line":69,"column":13}},{"start":{"line":67,"column":16},"end":{"line":69,"column":13}}],"line":64}},"s":{"0":1,"1":1,"2":1,"3":1,"4":0,"5":0,"6":0,"7":1,"8":0,"9":1,"10":0,"11":0,"12":0,"13":0,"14":0,"15":0,"16":0,"17":0,"18":0,"19":0,"20":0,"21":0,"22":0,"23":0,"24":0,"25":0,"26":0,"27":0,"28":0,"29":0,"30":0,"31":0,"32":0,"33":0,"34":0,"35":0,"36":0,"37":0,"38":0},"f":{"0":1,"1":0,"2":0,"3":0,"4":1,"5":0,"6":0,"7":0},"b":{"0":[1],"1":[1],"2":[1],"3":[0],"4":[0,1],"5":[0,0],"6":[0,0],"7":[0,0],"8":[0,0]},"_coverageSchema":"1a1c01bbd47fc00a2c39e90264f33305004495a9","hash":"3816c7472ed8a7c96ce05487f9636a50e33b390d"}
,"/home/potatoturtles/repos/Battleships/ship.js": {"path":"/home/potatoturtles/repos/Battleships/ship.js","statementMap":{"0":{"start":{"line":3,"column":8},"end":{"line":3,"column":29}},"1":{"start":{"line":6,"column":8},"end":{"line":6,"column":33}},"2":{"start":{"line":9,"column":8},"end":{"line":13,"column":11}},"3":{"start":{"line":10,"column":12},"end":{"line":12,"column":13}},"4":{"start":{"line":11,"column":16},"end":{"line":11,"column":27}},"5":{"start":{"line":16,"column":8},"end":{"line":21,"column":9}},"6":{"start":{"line":16,"column":20},"end":{"line":16,"column":21}},"7":{"start":{"line":17,"column":12},"end":{"line":20,"column":13}},"8":{"start":{"line":18,"column":16},"end":{"line":18,"column":40}},"9":{"start":{"line":19,"column":16},"end":{"line":19,"column":27}},"10":{"start":{"line":22,"column":8},"end":{"line":22,"column":20}},"11":{"start":{"line":25,"column":8},"end":{"line":25,"column":37}}},"fnMap":{"0":{"name":"(anonymous_0)","decl":{"start":{"line":2,"column":4},"end":{"line":2,"column":5}},"loc":{"start":{"line":2,"column":23},"end":{"line":4,"column":5}},"line":2},"1":{"name":"(anonymous_1)","decl":{"start":{"line":5,"column":4},"end":{"line":5,"column":5}},"loc":{"start":{"line":5,"column":14},"end":{"line":7,"column":5}},"line":5},"2":{"name":"(anonymous_2)","decl":{"start":{"line":8,"column":4},"end":{"line":8,"column":5}},"loc":{"start":{"line":8,"column":17},"end":{"line":14,"column":5}},"line":8},"3":{"name":"(anonymous_3)","decl":{"start":{"line":9,"column":32},"end":{"line":9,"column":33}},"loc":{"start":{"line":9,"column":37},"end":{"line":13,"column":9}},"line":9},"4":{"name":"(anonymous_4)","decl":{"start":{"line":15,"column":4},"end":{"line":15,"column":5}},"loc":{"start":{"line":15,"column":12},"end":{"line":23,"column":5}},"line":15},"5":{"name":"(anonymous_5)","decl":{"start":{"line":24,"column":4},"end":{"line":24,"column":5}},"loc":{"start":{"line":24,"column":16},"end":{"line":26,"column":5}},"line":24}},"branchMap":{"0":{"loc":{"start":{"line":10,"column":12},"end":{"line":12,"column":13}},"type":"if","locations":[{"start":{"line":10,"column":12},"end":{"line":12,"column":13}},{"start":{},"end":{}}],"line":10},"1":{"loc":{"start":{"line":10,"column":15},"end":{"line":10,"column":31}},"type":"binary-expr","locations":[{"start":{"line":10,"column":15},"end":{"line":10,"column":22}},{"start":{"line":10,"column":24},"end":{"line":10,"column":31}}],"line":10},"2":{"loc":{"start":{"line":17,"column":12},"end":{"line":20,"column":13}},"type":"if","locations":[{"start":{"line":17,"column":12},"end":{"line":20,"column":13}},{"start":{},"end":{}}],"line":17},"3":{"loc":{"start":{"line":17,"column":15},"end":{"line":17,"column":57}},"type":"binary-expr","locations":[{"start":{"line":17,"column":15},"end":{"line":17,"column":35}},{"start":{"line":17,"column":37},"end":{"line":17,"column":57}}],"line":17},"4":{"loc":{"start":{"line":25,"column":15},"end":{"line":25,"column":37}},"type":"cond-expr","locations":[{"start":{"line":25,"column":27},"end":{"line":25,"column":32}},{"start":{"line":25,"column":33},"end":{"line":25,"column":37}}],"line":25}},"s":{"0":15,"1":6,"2":0,"3":0,"4":0,"5":10,"6":10,"7":16,"8":7,"9":7,"10":3,"11":3},"f":{"0":15,"1":6,"2":0,"3":0,"4":10,"5":3},"b":{"0":[0,0],"1":[0,0],"2":[7,9],"3":[16,7],"4":[1,2]},"_coverageSchema":"1a1c01bbd47fc00a2c39e90264f33305004495a9","hash":"cfdff9a1cb6ecfc8be87b7ecae6dc5c56ce0c2fe"}
}
