TN:
SF:gameboard.js
FN:4,(anonymous_0)
FN:7,(anonymous_1)
FN:9,(anonymous_2)
FN:20,(anonymous_3)
FN:35,(anonymous_4)
FNF:5
FNH:5
FNDA:11,(anonymous_0)
FNDA:2,(anonymous_1)
FNDA:8,(anonymous_2)
FNDA:6,(anonymous_3)
FNDA:3,(anonymous_4)
DA:1,2
DA:5,11
DA:6,11
DA:7,11
DA:10,8
DA:11,8
DA:13,8
DA:14,8
DA:15,28
DA:18,8
DA:21,6
DA:22,6
DA:23,7
DA:24,5
DA:27,6
DA:28,5
DA:31,1
DA:33,6
DA:36,3
DA:37,2
DA:38,1
DA:41,2
DA:44,2
LF:23
LH:23
BRDA:4,0,0,10
BRDA:4,1,0,10
BRDA:14,2,0,36
BRDA:14,2,1,8
BRDA:15,3,0,28
BRDA:15,3,1,0
BRDA:15,4,0,28
BRDA:15,4,1,28
BRDA:23,5,0,5
BRDA:23,5,1,2
BRDA:27,6,0,5
BRDA:27,6,1,1
BRDA:37,7,0,1
BRDA:37,7,1,1
BRF:14
BRH:13
end_of_record
TN:
SF:player.js
FN:4,(anonymous_0)
FN:8,(anonymous_1)
FNF:2
FNH:2
FNDA:1,(anonymous_0)
FNDA:1,(anonymous_1)
DA:1,1
DA:5,1
DA:6,1
DA:9,1
DA:10,0
DA:12,1
DA:13,1
DA:16,1
LF:8
LH:7
BRDA:4,0,0,1
BRDA:9,1,0,0
BRDA:9,1,1,1
BRF:3
BRH:2
end_of_record
TN:
SF:ship.js
FN:2,(anonymous_0)
FN:5,(anonymous_1)
FN:8,(anonymous_2)
FN:17,(anonymous_3)
FNF:4
FNH:4
FNDA:15,(anonymous_0)
FNDA:6,(anonymous_1)
FNDA:10,(anonymous_2)
FNDA:3,(anonymous_3)
DA:3,15
DA:6,6
DA:9,10
DA:10,16
DA:11,7
DA:12,7
DA:15,3
DA:18,3
DA:21,3
LF:9
LH:9
BRDA:10,0,0,7
BRDA:10,0,1,9
BRDA:10,1,0,16
BRDA:10,1,1,7
BRDA:18,2,0,1
BRDA:18,2,1,2
BRF:6
BRH:6
end_of_record
